<?xml version="1.0" encoding="UTF-8"?>
<!-- Generated by org.testng.reporters.JUnitReportReporter -->
<testsuite hostname="ramteja" failures="0" tests="6" name="rest1.Rest" time="7.139" errors="0" timestamp="2023-02-23T15:41:54 IST" skipped="5">
  <testcase classname="rest1.Rest" name="createuser" time="7.139"/>
  <system-out/>
  <testcase classname="rest1.Rest" name="getresource">
    <skipped/>
  </testcase> <!-- getresource -->
  <system-out/>
  <testcase classname="rest1.Rest" name="deleteresource">
    <skipped/>
  </testcase> <!-- deleteresource -->
  <system-out/>
  <testcase classname="rest1.Rest" name="updateresource">
    <skipped/>
  </testcase> <!-- updateresource -->
  <system-out/>
  <testcase classname="rest1.Rest" name="singleuser">
    <skipped/>
  </testcase> <!-- singleuser -->
  <system-out/>
  <testcase classname="rest1.Rest" name="f">
    <skipped/>
  </testcase> <!-- f -->
  <system-out/>
</testsuite> <!-- rest1.Rest -->
