<?xml version="1.0" encoding="UTF-8"?>
<!-- Generated by org.testng.reporters.JUnitReportReporter -->
<testsuite hostname="ramteja" failures="0" tests="4" name="rest1.Rest" time="4.774" errors="0" timestamp="2023-01-19T16:00:38 IST" skipped="3">
  <testcase classname="rest1.Rest" name="createuser" time="4.774"/>
  <system-out/>
  <testcase classname="rest1.Rest" name="getresource">
    <skipped/>
  </testcase> <!-- getresource -->
  <system-out/>
  <testcase classname="rest1.Rest" name="singleuser">
    <skipped/>
  </testcase> <!-- singleuser -->
  <system-out/>
  <testcase classname="rest1.Rest" name="f">
    <skipped/>
  </testcase> <!-- f -->
  <system-out/>
</testsuite> <!-- rest1.Rest -->
