<?xml version="1.0" encoding="UTF-8"?>
<!-- Generated by org.testng.reporters.JUnitReportReporter -->
<testsuite hostname="ramteja" failures="0" tests="1" name="mobTesting.mob_ohrm" time="75.463" errors="0" timestamp="2023-01-23T21:48:45 IST" skipped="0">
  <testcase classname="mobTesting.mob_ohrm" name="tc" time="75.463"/>
  <system-out/>
</testsuite> <!-- mobTesting.mob_ohrm -->
